#
# There is insufficient memory for the Java Runtime Environment to continue.
# Native memory allocation (malloc) failed to allocate 897856 bytes for Chunk::new
# Possible reasons:
#   The system is out of physical RAM or swap space
#   The process is running with CompressedOops enabled, and the Java Heap may be blocking the growth of the native heap
# Possible solutions:
#   Reduce memory load on the system
#   Increase physical memory or swap space
#   Check if swap backing store is full
#   Decrease Java heap size (-Xmx/-Xms)
#   Decrease number of Java threads
#   Decrease Java thread stack sizes (-Xss)
#   Set larger code cache with -XX:ReservedCodeCacheSize=
#   JVM is running with Unscaled Compressed Oops mode in which the Java heap is
#     placed in the first 4GB address space. The Java Heap base address is the
#     maximum limit for the native heap growth. Please use -XX:HeapBaseMinAddress
#     to set the Java Heap base and to place the Java Heap above 4GB virtual address.
# This output file may be truncated or incomplete.
#
#  Out of Memory Error (allocation.cpp:389), pid=6700, tid=0x0000000000000510
#
# JRE version: OpenJDK Runtime Environment (8.0_242-b01) (build 1.8.0_242-release-1644-b01)
# Java VM: OpenJDK 64-Bit Server VM (25.242-b01 mixed mode windows-amd64 compressed oops)
# Failed to write core dump. Minidumps are not enabled by default on client versions of Windows
#

---------------  T H R E A D  ---------------

Current thread (0x00000000179f1000):  JavaThread "C2 CompilerThread1" daemon [_thread_in_native, id=1296, stack(0x0000000019730000,0x0000000019830000)]

Stack: [0x0000000019730000,0x0000000019830000]
[error occurred during error reporting (printing stack bounds), id 0xc0000005]

Native frames: (J=compiled Java code, j=interpreted, Vv=VM code, C=native code)


Current CompileTask:
C2: 265481 15939       4       com.android.tools.r8.ir.conversion.N::a (866 bytes)


---------------  P R O C E S S  ---------------

Java Threads: ( => current thread )
  0x000000002ac40800 JavaThread "WorkerExecutor Queue" [_thread_blocked, id=4092, stack(0x000000002c980000,0x000000002ca80000)]
  0x000000001f0e1000 JavaThread "Cache worker for execution history cache (D:\Work\EcoTax\.gradle\6.5\executionHistory)" [_thread_blocked, id=5856, stack(0x000000002c680000,0x000000002c780000)]
  0x000000001f0dd800 JavaThread "Execution worker for ':' Thread 5" [_thread_blocked, id=540, stack(0x000000002c580000,0x000000002c680000)]
  0x000000001f0df800 JavaThread "Execution worker for ':' Thread 4" [_thread_blocked, id=3948, stack(0x000000002c480000,0x000000002c580000)]
  0x000000001f0e0800 JavaThread "Execution worker for ':' Thread 3" [_thread_blocked, id=1088, stack(0x000000002c380000,0x000000002c480000)]
  0x000000001f0dc000 JavaThread "Execution worker for ':' Thread 2" [_thread_blocked, id=6452, stack(0x000000002c080000,0x000000002c180000)]
  0x000000001f0dc800 JavaThread "Execution worker for ':'" [_thread_blocked, id=6804, stack(0x000000002bd80000,0x000000002be80000)]
  0x000000001f0df000 JavaThread "Cache worker for file content cache (D:\Work\EcoTax\.gradle\6.5\fileContent)" [_thread_blocked, id=5476, stack(0x000000002bc80000,0x000000002bd80000)]
  0x000000001f0de000 JavaThread "Cache worker for Build Output Cleanup Cache (D:\Work\EcoTax\.gradle\buildOutputCleanup)" [_thread_blocked, id=5868, stack(0x000000002b980000,0x000000002ba80000)]
  0x000000001f0d7800 JavaThread "jar transforms Thread 342" [_thread_blocked, id=6200, stack(0x00000000292b0000,0x00000000293b0000)]
  0x000000001f0da800 JavaThread "jar transforms Thread 341" [_thread_blocked, id=3440, stack(0x0000000028fb0000,0x00000000290b0000)]
  0x000000001f0d6800 JavaThread "jar transforms Thread 340" [_thread_blocked, id=216, stack(0x0000000028eb0000,0x0000000028fb0000)]
  0x000000001f0d9800 JavaThread "jar transforms Thread 339" [_thread_blocked, id=2756, stack(0x0000000028db0000,0x0000000028eb0000)]
  0x000000001f0d5800 JavaThread "jar transforms Thread 338" [_thread_blocked, id=6812, stack(0x0000000028cb0000,0x0000000028db0000)]
  0x000000001f0d9000 JavaThread "jar transforms Thread 337" [_thread_blocked, id=6320, stack(0x0000000028bb0000,0x0000000028cb0000)]
  0x000000001f0d8000 JavaThread "jar transforms Thread 336" [_thread_blocked, id=1668, stack(0x0000000028ab0000,0x0000000028bb0000)]
  0x000000001f0d2000 JavaThread "jar transforms Thread 335" [_thread_blocked, id=6104, stack(0x00000000289b0000,0x0000000028ab0000)]
  0x000000001f0d5000 JavaThread "jar transforms Thread 334" [_thread_blocked, id=3752, stack(0x00000000288b0000,0x00000000289b0000)]
  0x000000001f0d3800 JavaThread "jar transforms Thread 333" [_thread_blocked, id=4184, stack(0x00000000287b0000,0x00000000288b0000)]
  0x000000001f0d4000 JavaThread "jar transforms Thread 332" [_thread_blocked, id=6780, stack(0x00000000286b0000,0x00000000287b0000)]
  0x000000001f0d2800 JavaThread "jar transforms Thread 331" [_thread_blocked, id=4816, stack(0x00000000285b0000,0x00000000286b0000)]
  0x000000001a915800 JavaThread "jar transforms Thread 330" [_thread_blocked, id=3248, stack(0x00000000284b0000,0x00000000285b0000)]
  0x000000001a916000 JavaThread "jar transforms Thread 329" [_thread_blocked, id=5764, stack(0x00000000283b0000,0x00000000284b0000)]
  0x000000001a911800 JavaThread "jar transforms Thread 328" [_thread_blocked, id=4888, stack(0x00000000282b0000,0x00000000283b0000)]
  0x000000001a914800 JavaThread "jar transforms Thread 327" [_thread_blocked, id=5700, stack(0x00000000281b0000,0x00000000282b0000)]
  0x000000001a914000 JavaThread "jar transforms Thread 326" [_thread_blocked, id=1372, stack(0x00000000280b0000,0x00000000281b0000)]
  0x000000001a913000 JavaThread "jar transforms Thread 325" [_thread_blocked, id=4336, stack(0x0000000027fb0000,0x00000000280b0000)]
  0x000000001a912800 JavaThread "jar transforms Thread 324" [_thread_blocked, id=4964, stack(0x0000000027eb0000,0x0000000027fb0000)]
  0x000000001a90d800 JavaThread "jar transforms Thread 323" [_thread_blocked, id=6444, stack(0x0000000027db0000,0x0000000027eb0000)]
  0x000000001a910000 JavaThread "jar transforms Thread 322" [_thread_blocked, id=3848, stack(0x0000000027cb0000,0x0000000027db0000)]
  0x000000001a910800 JavaThread "jar transforms Thread 321" [_thread_blocked, id=728, stack(0x0000000027bb0000,0x0000000027cb0000)]
  0x000000001a90c000 JavaThread "jar transforms Thread 320" [_thread_blocked, id=3044, stack(0x0000000027ab0000,0x0000000027bb0000)]
  0x000000001a90d000 JavaThread "jar transforms Thread 319" [_thread_blocked, id=7128, stack(0x00000000279b0000,0x0000000027ab0000)]
  0x000000001a90e800 JavaThread "jar transforms Thread 318" [_thread_blocked, id=6584, stack(0x00000000278b0000,0x00000000279b0000)]
  0x000000001a90f000 JavaThread "jar transforms Thread 317" [_thread_blocked, id=1944, stack(0x00000000277b0000,0x00000000278b0000)]
  0x000000001a908800 JavaThread "jar transforms Thread 316" [_thread_blocked, id=5724, stack(0x00000000276b0000,0x00000000277b0000)]
  0x000000001a90b800 JavaThread "jar transforms Thread 315" [_thread_blocked, id=2564, stack(0x00000000275b0000,0x00000000276b0000)]
  0x000000001a90a800 JavaThread "jar transforms Thread 314" [_thread_blocked, id=1428, stack(0x00000000274b0000,0x00000000275b0000)]
  0x000000001a907800 JavaThread "jar transforms Thread 313" [_thread_blocked, id=6380, stack(0x00000000273b0000,0x00000000274b0000)]
  0x000000001a90a000 JavaThread "jar transforms Thread 312" [_thread_blocked, id=6160, stack(0x00000000272b0000,0x00000000273b0000)]
  0x000000001a907000 JavaThread "jar transforms Thread 311" [_thread_blocked, id=4452, stack(0x00000000271b0000,0x00000000272b0000)]
  0x000000001a909000 JavaThread "jar transforms Thread 310" [_thread_blocked, id=6684, stack(0x00000000270b0000,0x00000000271b0000)]
  0x000000001bb0a000 JavaThread "jar transforms Thread 309" [_thread_blocked, id=6244, stack(0x0000000026fb0000,0x00000000270b0000)]
  0x000000001bb05800 JavaThread "jar transforms Thread 308" [_thread_blocked, id=5728, stack(0x0000000026eb0000,0x0000000026fb0000)]
  0x000000001bb07800 JavaThread "jar transforms Thread 307" [_thread_blocked, id=4936, stack(0x0000000026db0000,0x0000000026eb0000)]
  0x000000001bb07000 JavaThread "jar transforms Thread 306" [_thread_blocked, id=6156, stack(0x0000000026cb0000,0x0000000026db0000)]
  0x000000001bb04000 JavaThread "jar transforms Thread 305" [_thread_blocked, id=6752, stack(0x0000000026bb0000,0x0000000026cb0000)]
  0x0000000019a2e800 JavaThread "jar transforms Thread 304" [_thread_blocked, id=2764, stack(0x0000000026ab0000,0x0000000026bb0000)]
  0x0000000019a2f800 JavaThread "jar transforms Thread 303" [_thread_blocked, id=3328, stack(0x00000000269b0000,0x0000000026ab0000)]
  0x0000000019a30000 JavaThread "jar transforms Thread 302" [_thread_blocked, id=6596, stack(0x00000000268b0000,0x00000000269b0000)]
  0x0000000019a2b000 JavaThread "jar transforms Thread 301" [_thread_blocked, id=6064, stack(0x00000000267b0000,0x00000000268b0000)]
  0x0000000019a2e000 JavaThread "jar transforms Thread 300" [_thread_blocked, id=2620, stack(0x00000000266b0000,0x00000000267b0000)]
  0x0000000019a2c800 JavaThread "jar transforms Thread 299" [_thread_blocked, id=6332, stack(0x00000000265b0000,0x00000000266b0000)]
  0x0000000019a2d000 JavaThread "jar transforms Thread 298" [_thread_blocked, id=6772, stack(0x00000000264b0000,0x00000000265b0000)]
  0x0000000019a28800 JavaThread "jar transforms Thread 297" [_thread_blocked, id=5632, stack(0x00000000263b0000,0x00000000264b0000)]
  0x0000000019a2b800 JavaThread "jar transforms Thread 296" [_thread_blocked, id=1848, stack(0x00000000262b0000,0x00000000263b0000)]
  0x0000000019a27000 JavaThread "jar transforms Thread 295" [_thread_blocked, id=6248, stack(0x00000000261b0000,0x00000000262b0000)]
  0x0000000019a2a000 JavaThread "jar transforms Thread 294" [_thread_blocked, id=4396, stack(0x00000000260b0000,0x00000000261b0000)]
  0x0000000019a29800 JavaThread "jar transforms Thread 293" [_thread_blocked, id=5760, stack(0x0000000025fb0000,0x00000000260b0000)]
  0x0000000019a28000 JavaThread "jar transforms Thread 292" [_thread_blocked, id=5604, stack(0x0000000025eb0000,0x0000000025fb0000)]
  0x0000000019a23800 JavaThread "jar transforms Thread 291" [_thread_blocked, id=6000, stack(0x0000000025db0000,0x0000000025eb0000)]
  0x0000000019a26800 JavaThread "jar transforms Thread 290" [_thread_blocked, id=6228, stack(0x0000000025cb0000,0x0000000025db0000)]
  0x0000000019a25800 JavaThread "jar transforms Thread 289" [_thread_blocked, id=6588, stack(0x0000000025bb0000,0x0000000025cb0000)]
  0x0000000019a22800 JavaThread "jar transforms Thread 288" [_thread_blocked, id=4984, stack(0x0000000025ab0000,0x0000000025bb0000)]
  0x000000001ec69000 JavaThread "jar transforms Thread 287" [_thread_blocked, id=904, stack(0x00000000259b0000,0x0000000025ab0000)]
  0x000000001ec65800 JavaThread "jar transforms Thread 286" [_thread_blocked, id=4748, stack(0x00000000258b0000,0x00000000259b0000)]
  0x000000001ec67800 JavaThread "jar transforms Thread 285" [_thread_blocked, id=3736, stack(0x00000000257b0000,0x00000000258b0000)]
  0x000000001ec66000 JavaThread "jar transforms Thread 284" [_thread_blocked, id=6528, stack(0x00000000256b0000,0x00000000257b0000)]
  0x000000001ec67000 JavaThread "jar transforms Thread 283" [_thread_blocked, id=5204, stack(0x00000000255b0000,0x00000000256b0000)]
  0x000000001ec61800 JavaThread "jar transforms Thread 282" [_thread_blocked, id=5684, stack(0x00000000254b0000,0x00000000255b0000)]
  0x000000001ec64000 JavaThread "jar transforms Thread 281" [_thread_blocked, id=5780, stack(0x00000000253b0000,0x00000000254b0000)]
  0x000000001ec63000 JavaThread "jar transforms Thread 280" [_thread_blocked, id=2044, stack(0x00000000252b0000,0x00000000253b0000)]
  0x000000001ec62800 JavaThread "jar transforms Thread 279" [_thread_blocked, id=6168, stack(0x00000000251b0000,0x00000000252b0000)]
  0x000000001ec64800 JavaThread "jar transforms Thread 278" [_thread_blocked, id=6312, stack(0x00000000250b0000,0x00000000251b0000)]
  0x000000001ec61000 JavaThread "jar transforms Thread 277" [_thread_blocked, id=6056, stack(0x0000000024fb0000,0x00000000250b0000)]
  0x000000001ec5f800 JavaThread "jar transforms Thread 276" [_thread_blocked, id=5812, stack(0x0000000024eb0000,0x0000000024fb0000)]
  0x000000001ec60000 JavaThread "jar transforms Thread 275" [_thread_blocked, id=2736, stack(0x0000000024db0000,0x0000000024eb0000)]
  0x000000001ec5e800 JavaThread "jar transforms Thread 274" [_thread_blocked, id=7096, stack(0x0000000024cb0000,0x0000000024db0000)]
  0x000000001ec5c800 JavaThread "jar transforms Thread 273" [_thread_blocked, id=5424, stack(0x0000000024bb0000,0x0000000024cb0000)]
  0x000000001ec5b800 JavaThread "jar transforms Thread 272" [_thread_blocked, id=5252, stack(0x0000000024ab0000,0x0000000024bb0000)]
  0x000000001ec5e000 JavaThread "jar transforms Thread 271" [_thread_blocked, id=6848, stack(0x00000000249b0000,0x0000000024ab0000)]
  0x000000001ec5d000 JavaThread "jar transforms Thread 270" [_thread_blocked, id=5436, stack(0x00000000248b0000,0x00000000249b0000)]
  0x000000001e375800 JavaThread "jar transforms Thread 269" [_thread_blocked, id=5004, stack(0x00000000247b0000,0x00000000248b0000)]
  0x000000001e374800 JavaThread "jar transforms Thread 268" [_thread_blocked, id=672, stack(0x00000000246b0000,0x00000000247b0000)]
  0x000000001e371800 JavaThread "jar transforms Thread 267" [_thread_blocked, id=6256, stack(0x00000000245b0000,0x00000000246b0000)]
  0x000000001e371000 JavaThread "jar transforms Thread 266" [_thread_blocked, id=4144, stack(0x00000000244b0000,0x00000000245b0000)]
  0x000000001e374000 JavaThread "jar transforms Thread 265" [_thread_blocked, id=6432, stack(0x00000000243b0000,0x00000000244b0000)]
  0x000000001e36d000 JavaThread "jar transforms Thread 264" [_thread_blocked, id=6240, stack(0x00000000242b0000,0x00000000243b0000)]
  0x000000001e370000 JavaThread "jar transforms Thread 263" [_thread_blocked, id=1224, stack(0x00000000241b0000,0x00000000242b0000)]
  0x000000001e36c800 JavaThread "jar transforms Thread 262" [_thread_blocked, id=6884, stack(0x00000000240b0000,0x00000000241b0000)]
  0x000000001e36e800 JavaThread "jar transforms Thread 261" [_thread_blocked, id=3264, stack(0x0000000023fb0000,0x00000000240b0000)]
  0x000000001e36e000 JavaThread "jar transforms Thread 260" [_thread_blocked, id=6876, stack(0x0000000023eb0000,0x0000000023fb0000)]
  0x000000001e368800 JavaThread "jar transforms Thread 259" [_thread_blocked, id=7012, stack(0x0000000023db0000,0x0000000023eb0000)]
  0x000000001e36b800 JavaThread "jar transforms Thread 258" [_thread_blocked, id=5400, stack(0x0000000023cb0000,0x0000000023db0000)]
  0x000000001e368000 JavaThread "jar transforms Thread 257" [_thread_blocked, id=6316, stack(0x0000000023bb0000,0x0000000023cb0000)]
  0x000000001e36b000 JavaThread "jar transforms Thread 256" [_thread_blocked, id=6688, stack(0x0000000023ab0000,0x0000000023bb0000)]
  0x000000001e36a000 JavaThread "jar transforms Thread 255" [_thread_blocked, id=6176, stack(0x00000000239b0000,0x0000000023ab0000)]
  0x000000001e369800 JavaThread "jar transforms Thread 254" [_thread_blocked, id=4896, stack(0x00000000238b0000,0x00000000239b0000)]
  0x000000001e366800 JavaThread "jar transforms Thread 253" [_thread_blocked, id=3464, stack(0x00000000237b0000,0x00000000238b0000)]
  0x000000001e367000 JavaThread "jar transforms Thread 252" [_thread_blocked, id=848, stack(0x00000000236b0000,0x00000000237b0000)]
  0x000000001f699000 JavaThread "jar transforms Thread 251" [_thread_blocked, id=3724, stack(0x00000000235b0000,0x00000000236b0000)]
  0x000000001f698800 JavaThread "jar transforms Thread 250" [_thread_blocked, id=5068, stack(0x00000000234b0000,0x00000000235b0000)]
  0x000000001f695800 JavaThread "jar transforms Thread 249" [_thread_blocked, id=5852, stack(0x00000000233b0000,0x00000000234b0000)]
  0x000000001f694800 JavaThread "jar transforms Thread 248" [_thread_blocked, id=7112, stack(0x00000000232b0000,0x00000000233b0000)]
  0x000000001f697800 JavaThread "jar transforms Thread 247" [_thread_blocked, id=2088, stack(0x00000000231b0000,0x00000000232b0000)]
  0x000000001f694000 JavaThread "jar transforms Thread 246" [_thread_blocked, id=2636, stack(0x00000000230b0000,0x00000000231b0000)]
  0x000000001f697000 JavaThread "jar transforms Thread 245" [_thread_blocked, id=5416, stack(0x0000000022fb0000,0x00000000230b0000)]
  0x000000001f690000 JavaThread "jar transforms Thread 244" [_thread_blocked, id=3032, stack(0x0000000022eb0000,0x0000000022fb0000)]
  0x000000001f68f800 JavaThread "jar transforms Thread 243" [_thread_blocked, id=5960, stack(0x0000000022db0000,0x0000000022eb0000)]
  0x000000001f691000 JavaThread "jar transforms Thread 242" [_thread_blocked, id=1976, stack(0x0000000022cb0000,0x0000000022db0000)]
  0x000000001f692800 JavaThread "jar transforms Thread 241" [_thread_blocked, id=2632, stack(0x0000000022bb0000,0x0000000022cb0000)]
  0x000000001f68e800 JavaThread "jar transforms Thread 240" [_thread_blocked, id=6212, stack(0x0000000022ab0000,0x0000000022bb0000)]
  0x000000001f691800 JavaThread "jar transforms Thread 239" [_thread_blocked, id=4856, stack(0x00000000229b0000,0x0000000022ab0000)]
  0x000000001f68b000 JavaThread "jar transforms Thread 238" [_thread_blocked, id=1368, stack(0x00000000228b0000,0x00000000229b0000)]
  0x000000001f68e000 JavaThread "jar transforms Thread 237" [_thread_blocked, id=5584, stack(0x00000000227b0000,0x00000000228b0000)]
  0x000000001f68d000 JavaThread "jar transforms Thread 236" [_thread_blocked, id=3408, stack(0x00000000226b0000,0x00000000227b0000)]
  0x000000001f68c800 JavaThread "jar transforms Thread 235" [_thread_blocked, id=5688, stack(0x00000000225b0000,0x00000000226b0000)]
  0x000000001f68a000 JavaThread "jar transforms Thread 234" [_thread_blocked, id=3924, stack(0x00000000224b0000,0x00000000225b0000)]
  0x000000001f68b800 JavaThread "jar transforms Thread 233" [_thread_blocked, id=2596, stack(0x00000000223b0000,0x00000000224b0000)]
  0x000000002033a800 JavaThread "jar transforms Thread 232" [_thread_blocked, id=4104, stack(0x00000000222b0000,0x00000000223b0000)]
  0x0000000020339800 JavaThread "jar transforms Thread 231" [_thread_blocked, id=5624, stack(0x00000000221b0000,0x00000000222b0000)]
  0x0000000020336000 JavaThread "jar transforms Thread 230" [_thread_blocked, id=3780, stack(0x00000000220b0000,0x00000000221b0000)]
  0x0000000020339000 JavaThread "jar transforms Thread 229" [_thread_blocked, id=5564, stack(0x0000000021fb0000,0x00000000220b0000)]
  0x0000000020338000 JavaThread "Build operations Thread 6" [_thread_blocked, id=880, stack(0x0000000021eb0000,0x0000000021fb0000)]
  0x0000000020334800 JavaThread "Build operations Thread 5" [_thread_blocked, id=6196, stack(0x0000000021db0000,0x0000000021eb0000)]
  0x0000000020335000 JavaThread "Build operations Thread 4" [_thread_in_Java, id=3788, stack(0x0000000021cb0000,0x0000000021db0000)]
  0x0000000020336800 JavaThread "Build operations Thread 3" [_thread_in_Java, id=5084, stack(0x0000000021bb0000,0x0000000021cb0000)]
  0x0000000020337800 JavaThread "Build operations Thread 2" [_thread_blocked, id=4868, stack(0x0000000021ab0000,0x0000000021bb0000)]
  0x0000000020333800 JavaThread "Build operations" [_thread_blocked, id=6500, stack(0x00000000219b0000,0x0000000021ab0000)]
  0x0000000020330800 JavaThread "Cache worker for cache directory md-rule (C:\Users\Artur Lynko\.gradle\caches\6.5\md-rule)" [_thread_blocked, id=2968, stack(0x00000000211b0000,0x00000000212b0000)]
  0x0000000020332000 JavaThread "Cache worker for cache directory md-supplier (C:\Users\Artur Lynko\.gradle\caches\6.5\md-supplier)" [_thread_blocked, id=6564, stack(0x00000000209b0000,0x0000000020ab0000)]
  0x0000000020333000 JavaThread "Cache worker for checksums cache (D:\Work\EcoTax\.gradle\checksums)" [_thread_blocked, id=3472, stack(0x00000000208b0000,0x00000000209b0000)]
  0x000000002032f000 JavaThread "Cache worker for file hash cache (D:\Work\EcoTax\.gradle\6.5\fileHashes)" [_thread_blocked, id=6480, stack(0x00000000207b0000,0x00000000208b0000)]
  0x000000002032b800 JavaThread "Thread-300" [_thread_blocked, id=3760, stack(0x000000001f270000,0x000000001f370000)]
  0x000000002032d800 JavaThread "Stdin handler" [_thread_blocked, id=6620, stack(0x000000001daa0000,0x000000001dba0000)]
  0x000000002032d000 JavaThread "Asynchronous log dispatcher for DefaultDaemonConnection: socket connection from /127.0.0.1:6580 to /127.0.0.1:6601" [_thread_blocked, id=1356, stack(0x000000001d6a0000,0x000000001d7a0000)]
  0x000000002032e800 JavaThread "Cancel handler" [_thread_blocked, id=5952, stack(0x000000001d2a0000,0x000000001d3a0000)]
  0x000000002032c000 JavaThread "Handler for socket connection from /127.0.0.1:6580 to /127.0.0.1:6601" [_thread_in_native, id=2452, stack(0x000000001d1a0000,0x000000001d2a0000)]
  0x000000001ec5a000 JavaThread "Daemon worker Thread 2" [_thread_blocked, id=4864, stack(0x000000001d5a0000,0x000000001d6a0000)]
  0x000000001ec5b000 JavaThread "Daemon Thread 2" [_thread_blocked, id=6308, stack(0x000000001ccb0000,0x000000001cdb0000)]
  0x000000001ec68800 JavaThread "Memory manager" [_thread_blocked, id=1968, stack(0x000000001cdb0000,0x000000001ceb0000)]
  0x000000001bb08800 JavaThread "Cache worker for file content cache (C:\Users\Artur Lynko\.gradle\caches\6.5\fileContent)" [_thread_blocked, id=6656, stack(0x00000000212b0000,0x00000000213b0000)]
  0x000000001bb04800 JavaThread "Cache worker for execution history cache (C:\Users\Artur Lynko\.gradle\caches\6.5\executionHistory)" [_thread_blocked, id=2860, stack(0x0000000020ab0000,0x0000000020bb0000)]
  0x000000001bb03000 JavaThread "Cache worker for file hash cache (C:\Users\Artur Lynko\.gradle\caches\6.5\fileHashes)" [_thread_blocked, id=2576, stack(0x000000001dfa0000,0x000000001e0a0000)]
  0x000000001bb06000 JavaThread "File lock request listener" [_thread_in_native, id=2372, stack(0x000000001dea0000,0x000000001dfa0000)]
  0x000000001bc68800 JavaThread "Cache worker for journal cache (C:\Users\Artur Lynko\.gradle\caches\journal-1)" [_thread_blocked, id=4192, stack(0x000000001dda0000,0x000000001dea0000)]
  0x000000001b601000 JavaThread "Daemon periodic checks" [_thread_blocked, id=6204, stack(0x000000001d0a0000,0x000000001d1a0000)]
  0x000000001b659000 JavaThread "Incoming local TCP Connector on port 6580" [_thread_in_native, id=7164, stack(0x000000001ceb0000,0x000000001cfb0000)]
  0x000000001b829800 JavaThread "Daemon health stats" [_thread_blocked, id=6536, stack(0x000000001c8d0000,0x000000001c9d0000)]
  0x00000000179fe000 JavaThread "Service Thread" daemon [_thread_blocked, id=5816, stack(0x0000000019d30000,0x0000000019e30000)]
  0x0000000019848800 JavaThread "C1 CompilerThread2" daemon [_thread_blocked, id=3992, stack(0x0000000019c30000,0x0000000019d30000)]
=>0x00000000179f1000 JavaThread "C2 CompilerThread1" daemon [_thread_in_native, id=1296, stack(0x0000000019730000,0x0000000019830000)]
  0x00000000179ec800 JavaThread "C2 CompilerThread0" daemon [_thread_in_native, id=5180, stack(0x0000000019630000,0x0000000019730000)]
  0x00000000179e8800 JavaThread "Attach Listener" daemon [_thread_blocked, id=6272, stack(0x0000000019530000,0x0000000019630000)]
  0x00000000179e7800 JavaThread "Signal Dispatcher" daemon [_thread_blocked, id=6832, stack(0x0000000019430000,0x0000000019530000)]
  0x00000000179cb000 JavaThread "Finalizer" daemon [_thread_blocked, id=936, stack(0x0000000019250000,0x0000000019350000)]
  0x0000000002b74000 JavaThread "Reference Handler" daemon [_thread_blocked, id=6940, stack(0x0000000019150000,0x0000000019250000)]
  0x0000000002a7d800 JavaThread "main" [_thread_blocked, id=2976, stack(0x0000000002940000,0x0000000002a40000)]

Other Threads:
  0x00000000179a6800 VMThread [stack: 0x0000000019050000,0x0000000019150000] [id=2896]
  0x00000000198b6000 WatcherThread [stack: 0x0000000019e30000,0x0000000019f30000] [id=1852]

VM state:not at safepoint (normal execution)

VM Mutex/Monitor currently owned by a thread: None

OutOfMemory and StackOverflow Exception counts:
OutOfMemoryError java_heap_errors=2

heap address: 0x0000000080000000, size: 2048 MB, Compressed Oops mode: 32-bit
Narrow klass base: 0x0000000000000000, Narrow klass shift: 3
Compressed class space size: 1073741824 Address: 0x0000000100000000

Heap:
 PSYoungGen      total 272384K, used 188931K [0x00000000d5580000, 0x00000000ed100000, 0x0000000100000000)
  eden space 249344K, 75% used [0x00000000d5580000,0x00000000e0e00c98,0x00000000e4900000)
  from space 23040K, 0% used [0x00000000eba80000,0x00000000eba80000,0x00000000ed100000)
  to   space 29184K, 0% used [0x00000000e9e00000,0x00000000e9e00000,0x00000000eba80000)
 ParOldGen       total 110592K, used 99038K [0x0000000080000000, 0x0000000086c00000, 0x00000000d5580000)
  object space 110592K, 89% used [0x0000000080000000,0x00000000860b7bc8,0x0000000086c00000)
 Metaspace       used 94311K, capacity 98864K, committed 100648K, reserved 1136640K
  class space    used 12488K, capacity 13325K, committed 13888K, reserved 1048576K

Card table byte_map: [0x0000000011f40000,0x0000000012350000] byte_map_base: 0x0000000011b40000

Marking Bits: (ParMarkBitMap*) 0x000000005618f030
 Begin Bits: [0x0000000012c00000, 0x0000000014c00000)
 End Bits:   [0x0000000014c00000, 0x0000000016c00000)

Polling page: 0x00000000010c0000

CodeCache: size=245760Kb used=44108Kb max_used=44108Kb free=201651Kb
 bounds [0x0000000002b80000, 0x00000000056d0000, 0x0000000011b80000]
 total_blobs=14330 nmethods=13437 adapters=804
 compilation: enabled

Compilation events (10 events):
Event: 265.414 Thread 0x0000000019848800 nmethod 15975 0x00000000056c1990 code [0x00000000056c1b20, 0x00000000056c1d38]
Event: 265.414 Thread 0x0000000019848800 15999       1       com.android.tools.r8.s.b.V::b (2 bytes)
Event: 265.414 Thread 0x0000000019848800 nmethod 15999 0x00000000056c1e50 code [0x00000000056c1fa0, 0x00000000056c20b0]
Event: 265.414 Thread 0x0000000019848800 15988       2       com.android.tools.r8.s.b.g::a (4 bytes)
Event: 265.414 Thread 0x0000000019848800 nmethod 15988 0x00000000056c2110 code [0x00000000056c2260, 0x00000000056c23b0]
Event: 265.414 Thread 0x0000000019848800 15994       2       com.android.tools.r8.ir.regalloc.b::a (46 bytes)
Event: 265.414 Thread 0x0000000019848800 nmethod 15994 0x00000000056c2450 code [0x00000000056c25e0, 0x00000000056c28f8]
Event: 265.414 Thread 0x0000000019848800 16012       2       com.android.tools.r8.t.a.a.a.f.k0::m (52 bytes)
Event: 265.415 Thread 0x0000000019848800 nmethod 16012 0x00000000056c2b90 code [0x00000000056c2d00, 0x00000000056c3008]
Event: 265.415 Thread 0x0000000019848800 16013       2       com.android.tools.r8.ir.optimize.a0::a (1308 bytes)

GC Heap History (10 events):
Event: 177.167 GC heap before
{Heap before GC invocations=16 (full 3):
 PSYoungGen      total 292352K, used 292342K [0x00000000d5580000, 0x00000000e9980000, 0x0000000100000000)
  eden space 270336K, 100% used [0x00000000d5580000,0x00000000e5d80000,0x00000000e5d80000)
  from space 22016K, 99% used [0x00000000e7780000,0x00000000e8cfda38,0x00000000e8d00000)
  to   space 26624K, 0% used [0x00000000e5d80000,0x00000000e5d80000,0x00000000e7780000)
 ParOldGen       total 102912K, used 41189K [0x0000000080000000, 0x0000000086480000, 0x00000000d5580000)
  object space 102912K, 40% used [0x0000000080000000,0x0000000082839528,0x0000000086480000)
 Metaspace       used 72875K, capacity 76352K, committed 76440K, reserved 1116160K
  class space    used 9664K, capacity 10339K, committed 10416K, reserved 1048576K
Event: 177.247 GC heap after
Heap after GC invocations=16 (full 3):
 PSYoungGen      total 296960K, used 26606K [0x00000000d5580000, 0x00000000ef400000, 0x0000000100000000)
  eden space 270336K, 0% used [0x00000000d5580000,0x00000000d5580000,0x00000000e5d80000)
  from space 26624K, 99% used [0x00000000e5d80000,0x00000000e777b820,0x00000000e7780000)
  to   space 36352K, 0% used [0x00000000ed080000,0x00000000ed080000,0x00000000ef400000)
 ParOldGen       total 102912K, used 56201K [0x0000000080000000, 0x0000000086480000, 0x00000000d5580000)
  object space 102912K, 54% used [0x0000000080000000,0x00000000836e2658,0x0000000086480000)
 Metaspace       used 72875K, capacity 76352K, committed 76440K, reserved 1116160K
  class space    used 9664K, capacity 10339K, committed 10416K, reserved 1048576K
}
Event: 221.303 GC heap before
{Heap before GC invocations=17 (full 3):
 PSYoungGen      total 296960K, used 296942K [0x00000000d5580000, 0x00000000ef400000, 0x0000000100000000)
  eden space 270336K, 100% used [0x00000000d5580000,0x00000000e5d80000,0x00000000e5d80000)
  from space 26624K, 99% used [0x00000000e5d80000,0x00000000e777b820,0x00000000e7780000)
  to   space 36352K, 0% used [0x00000000ed080000,0x00000000ed080000,0x00000000ef400000)
 ParOldGen       total 102912K, used 56201K [0x0000000080000000, 0x0000000086480000, 0x00000000d5580000)
  object space 102912K, 54% used [0x0000000080000000,0x00000000836e2658,0x0000000086480000)
 Metaspace       used 81038K, capacity 84742K, committed 84888K, reserved 1122304K
  class space    used 10631K, capacity 11324K, committed 11440K, reserved 1048576K
Event: 221.344 GC heap after
Heap after GC invocations=17 (full 3):
 PSYoungGen      total 280576K, used 20896K [0x00000000d5580000, 0x00000000ee500000, 0x0000000100000000)
  eden space 259584K, 0% used [0x00000000d5580000,0x00000000d5580000,0x00000000e5300000)
  from space 20992K, 99% used [0x00000000ed080000,0x00000000ee4e80b0,0x00000000ee500000)
  to   space 36352K, 0% used [0x00000000e9e00000,0x00000000e9e00000,0x00000000ec180000)
 ParOldGen       total 102912K, used 68534K [0x0000000080000000, 0x0000000086480000, 0x00000000d5580000)
  object space 102912K, 66% used [0x0000000080000000,0x00000000842edbb0,0x0000000086480000)
 Metaspace       used 81038K, capacity 84742K, committed 84888K, reserved 1122304K
  class space    used 10631K, capacity 11324K, committed 11440K, reserved 1048576K
}
Event: 260.196 GC heap before
{Heap before GC invocations=18 (full 3):
 PSYoungGen      total 280576K, used 280480K [0x00000000d5580000, 0x00000000ee500000, 0x0000000100000000)
  eden space 259584K, 100% used [0x00000000d5580000,0x00000000e5300000,0x00000000e5300000)
  from space 20992K, 99% used [0x00000000ed080000,0x00000000ee4e80b0,0x00000000ee500000)
  to   space 36352K, 0% used [0x00000000e9e00000,0x00000000e9e00000,0x00000000ec180000)
 ParOldGen       total 102912K, used 68534K [0x0000000080000000, 0x0000000086480000, 0x00000000d5580000)
  object space 102912K, 66% used [0x0000000080000000,0x00000000842edbb0,0x0000000086480000)
 Metaspace       used 85276K, capacity 89190K, committed 89496K, reserved 1126400K
  class space    used 11176K, capacity 11874K, committed 11952K, reserved 1048576K
Event: 260.247 GC heap after
Heap after GC invocations=18 (full 3):
 PSYoungGen      total 278528K, used 29056K [0x00000000d5580000, 0x00000000ed100000, 0x0000000100000000)
  eden space 249344K, 0% used [0x00000000d5580000,0x00000000d5580000,0x00000000e4900000)
  from space 29184K, 99% used [0x00000000e9e00000,0x00000000eba60280,0x00000000eba80000)
  to   space 23040K, 0% used [0x00000000eba80000,0x00000000eba80000,0x00000000ed100000)
 ParOldGen       total 102912K, used 68542K [0x0000000080000000, 0x0000000086480000, 0x00000000d5580000)
  object space 102912K, 66% used [0x0000000080000000,0x00000000842efbb0,0x0000000086480000)
 Metaspace       used 85276K, capacity 89190K, committed 89496K, reserved 1126400K
  class space    used 11176K, capacity 11874K, committed 11952K, reserved 1048576K
}
Event: 263.961 GC heap before
{Heap before GC invocations=19 (full 3):
 PSYoungGen      total 278528K, used 222084K [0x00000000d5580000, 0x00000000ed100000, 0x0000000100000000)
  eden space 249344K, 77% used [0x00000000d5580000,0x00000000e1200f38,0x00000000e4900000)
  from space 29184K, 99% used [0x00000000e9e00000,0x00000000eba60280,0x00000000eba80000)
  to   space 23040K, 0% used [0x00000000eba80000,0x00000000eba80000,0x00000000ed100000)
 ParOldGen       total 102912K, used 68542K [0x0000000080000000, 0x0000000086480000, 0x00000000d5580000)
  object space 102912K, 66% used [0x0000000080000000,0x00000000842efbb0,0x0000000086480000)
 Metaspace       used 93018K, capacity 98444K, committed 98600K, reserved 1134592K
  class space    used 12543K, capacity 13617K, committed 13632K, reserved 1048576K
Event: 264.059 GC heap after
Heap after GC invocations=19 (full 3):
 PSYoungGen      total 272384K, used 23014K [0x00000000d5580000, 0x00000000ed100000, 0x0000000100000000)
  eden space 249344K, 0% used [0x00000000d5580000,0x00000000d5580000,0x00000000e4900000)
  from space 23040K, 99% used [0x00000000eba80000,0x00000000ed0f9a38,0x00000000ed100000)
  to   space 29184K, 0% used [0x00000000e9e00000,0x00000000e9e00000,0x00000000eba80000)
 ParOldGen       total 110592K, used 110088K [0x0000000080000000, 0x0000000086c00000, 0x00000000d5580000)
  object space 110592K, 99% used [0x0000000080000000,0x0000000086b820f8,0x0000000086c00000)
 Metaspace       used 93018K, capacity 98444K, committed 98600K, reserved 1134592K
  class space    used 12543K, capacity 13617K, committed 13632K, reserved 1048576K
}
Event: 264.059 GC heap before
{Heap before GC invocations=20 (full 4):
 PSYoungGen      total 272384K, used 23014K [0x00000000d5580000, 0x00000000ed100000, 0x0000000100000000)
  eden space 249344K, 0% used [0x00000000d5580000,0x00000000d5580000,0x00000000e4900000)
  from space 23040K, 99% used [0x00000000eba80000,0x00000000ed0f9a38,0x00000000ed100000)
  to   space 29184K, 0% used [0x00000000e9e00000,0x00000000e9e00000,0x00000000eba80000)
 ParOldGen       total 110592K, used 110088K [0x0000000080000000, 0x0000000086c00000, 0x00000000d5580000)
  object space 110592K, 99% used [0x0000000080000000,0x0000000086b820f8,0x0000000086c00000)
 Metaspace       used 93018K, capacity 98444K, committed 98600K, reserved 1134592K
  class space    used 12543K, capacity 13617K, committed 13632K, reserved 1048576K
Event: 264.417 GC heap after
Heap after GC invocations=20 (full 4):
 PSYoungGen      total 272384K, used 0K [0x00000000d5580000, 0x00000000ed100000, 0x0000000100000000)
  eden space 249344K, 0% used [0x00000000d5580000,0x00000000d5580000,0x00000000e4900000)
  from space 23040K, 0% used [0x00000000eba80000,0x00000000eba80000,0x00000000ed100000)
  to   space 29184K, 0% used [0x00000000e9e00000,0x00000000e9e00000,0x00000000eba80000)
 ParOldGen       total 110592K, used 99038K [0x0000000080000000, 0x0000000086c00000, 0x00000000d5580000)
  object space 110592K, 89% used [0x0000000080000000,0x00000000860b7bc8,0x0000000086c00000)
 Metaspace       used 91992K, capacity 96110K, committed 98600K, reserved 1134592K
  class space    used 12172K, capacity 12956K, committed 13632K, reserved 1048576K
}

Deoptimization events (10 events):
Event: 264.837 Thread 0x0000000020336800 Uncommon trap: reason=unstable_if action=reinterpret pc=0x000000000359edc4 method=java.util.HashMap.getNode(ILjava/lang/Object;)Ljava/util/HashMap$Node; @ 84
Event: 264.907 Thread 0x0000000020334800 Uncommon trap: reason=unstable_if action=reinterpret pc=0x0000000005365ab0 method=com.android.tools.r8.t.a.a.a.h.Z0.a(Ljava/lang/Object;)I @ 52
Event: 264.917 Thread 0x0000000020336800 Uncommon trap: reason=unstable_if action=reinterpret pc=0x0000000004ff4744 method=com.android.tools.r8.z.a.a.f.a(II[C)Ljava/lang/String; @ 59
Event: 264.917 Thread 0x0000000020336800 Uncommon trap: reason=unstable_if action=reinterpret pc=0x0000000004f96320 method=com.android.tools.r8.graph.i0.a(C)I @ 16
Event: 264.983 Thread 0x0000000020336800 Uncommon trap: reason=unstable_if action=reinterpret pc=0x000000000546e680 method=com.android.tools.r8.z.a.a.s.a(I)V @ 4
Event: 265.093 Thread 0x0000000020336800 Uncommon trap: reason=unstable_if action=reinterpret pc=0x0000000004f84d40 method=com.android.tools.r8.z.a.a.f.a(II[C)Ljava/lang/String; @ 59
Event: 265.272 Thread 0x0000000020334800 Uncommon trap: reason=unstable_if action=reinterpret pc=0x0000000004ae6944 method=org.gradle.api.internal.changedetection.state.GlobalScopeFileTimeStampInspector.timestampCanBeUsedToDetectFileChange(Ljava/lang/String;J)Z @ 37
Event: 265.311 Thread 0x0000000020334800 Uncommon trap: reason=predicate action=maybe_recompile pc=0x00000000054aaecc method=java.util.TimSort.reverseRange([Ljava/lang/Object;II)V @ 8
Event: 265.414 Thread 0x0000000020334800 Uncommon trap: reason=unstable_if action=reinterpret pc=0x00000000052bd168 method=com.android.tools.r8.graph.d0.computeEquals(Ljava/lang/Object;)Z @ 51
Event: 265.415 Thread 0x0000000020334800 Uncommon trap: reason=unstable_if action=reinterpret pc=0x0000000005205700 method=com.android.tools.r8.graph.X.computeEquals(Ljava/lang/Object;)Z @ 23

Classes redefined (0 events):
No events

Internal exceptions (10 events):
Event: 262.118 Thread 0x0000000020337800 Exception <a 'java/lang/OutOfMemoryError'> (0x00000000da0009e8) thrown at [C:\src\AOSP-openjdk-git\hotspot\src\share\vm\prims\jni.cpp, line 737]
Event: 262.244 Thread 0x0000000020338000 Exception <a 'sun/nio/fs/WindowsException'> (0x00000000dab84388) thrown at [C:\src\AOSP-openjdk-git\hotspot\src\share\vm\prims\jni.cpp, line 710]
Event: 262.757 Thread 0x0000000020334800 Exception <a 'java/lang/IncompatibleClassChangeError': Found class java.lang.Object, but interface was expected> (0x00000000db4e8398) thrown at [C:\src\AOSP-openjdk-git\hotspot\src\share\vm\interpreter\linkResolver.cpp, line 653]
Event: 263.657 Thread 0x0000000020336800 Exception <a 'java/lang/NoSuchMethodError': java.lang.Object.b(Lcom/android/tools/r8/graph/p1$b;)Lcom/android/tools/r8/graph/p1$b;> (0x00000000e050f200) thrown at [C:\src\AOSP-openjdk-git\hotspot\src\share\vm\interpreter\linkResolver.cpp, line 620]
Event: 263.776 Thread 0x0000000020335000 Exception <a 'java/lang/NoSuchMethodError': java.lang.Object.lambda$maxBy$1(Ljava/util/Comparator;Ljava/lang/Object;Ljava/lang/Object;)Ljava/lang/Object;> (0x00000000e09dc880) thrown at [C:\src\AOSP-openjdk-git\hotspot\src\share\vm\interpreter\linkResolve
Event: 263.776 Thread 0x0000000020334800 Exception <a 'java/lang/NoSuchMethodError': java.lang.Object.lambda$maxBy$1(Ljava/util/Comparator;Ljava/lang/Object;Ljava/lang/Object;)Ljava/lang/Object;> (0x00000000e099a100) thrown at [C:\src\AOSP-openjdk-git\hotspot\src\share\vm\interpreter\linkResolve
Event: 263.776 Thread 0x0000000020336800 Exception <a 'java/lang/NoSuchMethodError': java.lang.Object.lambda$maxBy$1(Ljava/util/Comparator;Ljava/lang/Object;Ljava/lang/Object;)Ljava/lang/Object;> (0x00000000e0a30798) thrown at [C:\src\AOSP-openjdk-git\hotspot\src\share\vm\interpreter\linkResolve
Event: 263.776 Thread 0x0000000020338000 Exception <a 'java/lang/NoSuchMethodError': java.lang.Object.lambda$maxBy$1(Ljava/util/Comparator;Ljava/lang/Object;Ljava/lang/Object;)Ljava/lang/Object;> (0x00000000e0916038) thrown at [C:\src\AOSP-openjdk-git\hotspot\src\share\vm\interpreter\linkResolve
Event: 265.209 Thread 0x0000000020334800 Exception <a 'sun/nio/fs/WindowsException'> (0x00000000dd1d9ec8) thrown at [C:\src\AOSP-openjdk-git\hotspot\src\share\vm\prims\jni.cpp, line 710]
Event: 265.414 Thread 0x0000000020334800 Exception <a 'sun/nio/fs/WindowsException'> (0x00000000e07f4d18) thrown at [C:\src\AOSP-openjdk-git\hotspot\src\share\vm\prims\jni.cpp, line 710]

Events (10 events):
Event: 265.315 Thread 0x0000000020334800 DEOPT PACKING pc=0x0000000004f1665f sp=0x0000000021eac0c0
Event: 265.315 Thread 0x0000000020334800 DEOPT UNPACKING pc=0x0000000002bc71d0 sp=0x0000000021eabe80 mode 0
Event: 265.400 Thread 0x0000000020338000 DEOPT PACKING pc=0x00000000053dca96 sp=0x0000000021faa0c0
Event: 265.400 Thread 0x0000000020338000 DEOPT UNPACKING pc=0x0000000002bc71d0 sp=0x0000000021faa110 mode 0
Event: 265.414 Thread 0x0000000020334800 Uncommon trap: trap_request=0xffffff65 fr.pc=0x00000000052bd168
Event: 265.414 Thread 0x0000000020334800 DEOPT PACKING pc=0x00000000052bd168 sp=0x0000000021eab890
Event: 265.414 Thread 0x0000000020334800 DEOPT UNPACKING pc=0x0000000002bc557b sp=0x0000000021eab838 mode 2
Event: 265.415 Thread 0x0000000020334800 Uncommon trap: trap_request=0xffffff65 fr.pc=0x0000000005205700
Event: 265.415 Thread 0x0000000020334800 DEOPT PACKING pc=0x0000000005205700 sp=0x0000000021eab8e0
Event: 265.415 Thread 0x0000000020334800 DEOPT UNPACKING pc=0x0000000002bc557b sp=0x0000000021eab888 mode 2


Dynamic libraries:
0x00007ff6992f0000 - 0x00007ff699321000 	D:\Program\Android Studio\jre\bin\java.exe
0x00007fff22470000 - 0x00007fff2261d000 	C:\Windows\SYSTEM32\ntdll.dll
0x00007fff214d0000 - 0x00007fff2160f000 	C:\Windows\system32\KERNEL32.DLL
0x00007fff1f980000 - 0x00007fff1fa95000 	C:\Windows\system32\KERNELBASE.dll
0x00007fff216f0000 - 0x00007fff2179a000 	C:\Windows\system32\ADVAPI32.dll
0x00007fff219f0000 - 0x00007fff21b67000 	C:\Windows\system32\USER32.dll
0x00007fff1a820000 - 0x00007fff1aa9b000 	C:\Windows\WinSxS\amd64_microsoft.windows.common-controls_6595b64144ccf1df_6.0.9600.19394_none_62486577ecb635cf\COMCTL32.dll
0x00007fff213c0000 - 0x00007fff2146a000 	C:\Windows\system32\msvcrt.dll
0x00007fff21470000 - 0x00007fff214c8000 	C:\Windows\SYSTEM32\sechost.dll
0x00007fff21100000 - 0x00007fff21240000 	C:\Windows\system32\RPCRT4.dll
0x00007fff21d40000 - 0x00007fff21e8d000 	C:\Windows\system32\GDI32.dll
0x00007fff1f850000 - 0x00007fff1f87e000 	C:\Windows\system32\SspiCli.dll
0x00007fff219b0000 - 0x00007fff219e6000 	C:\Windows\system32\IMM32.DLL
0x00007fff220b0000 - 0x00007fff22201000 	C:\Windows\system32\MSCTF.dll
0x0000000055800000 - 0x00000000558d2000 	D:\Program\Android Studio\jre\jre\bin\msvcr100.dll
0x00000000559c0000 - 0x000000005620b000 	D:\Program\Android Studio\jre\jre\bin\server\jvm.dll
0x00007fff11090000 - 0x00007fff11099000 	C:\Windows\SYSTEM32\WSOCK32.dll
0x00007fff1a7f0000 - 0x00007fff1a812000 	C:\Windows\SYSTEM32\WINMM.dll
0x00007fff1a7e0000 - 0x00007fff1a7ea000 	C:\Windows\SYSTEM32\VERSION.dll
0x00007fff219a0000 - 0x00007fff219a7000 	C:\Windows\system32\PSAPI.DLL
0x00007fff212a0000 - 0x00007fff212fa000 	C:\Windows\system32\WS2_32.dll
0x00007fff1a7b0000 - 0x00007fff1a7da000 	C:\Windows\SYSTEM32\WINMMBASE.dll
0x00007fff220a0000 - 0x00007fff220a9000 	C:\Windows\system32\NSI.dll
0x00007fff1f930000 - 0x00007fff1f97f000 	C:\Windows\SYSTEM32\cfgmgr32.dll
0x00007fff1e3b0000 - 0x00007fff1e3d8000 	C:\Windows\SYSTEM32\DEVOBJ.dll
0x00007fff12f70000 - 0x00007fff12f7f000 	D:\Program\Android Studio\jre\jre\bin\verify.dll
0x00007fff12f40000 - 0x00007fff12f69000 	D:\Program\Android Studio\jre\jre\bin\java.dll
0x00007fff12f20000 - 0x00007fff12f36000 	D:\Program\Android Studio\jre\jre\bin\zip.dll
0x00007fff1fbd0000 - 0x00007fff210fd000 	C:\Windows\system32\SHELL32.dll
0x00007fff21e90000 - 0x00007fff220a0000 	C:\Windows\SYSTEM32\combase.dll
0x00007fff1fb00000 - 0x00007fff1fb54000 	C:\Windows\system32\SHLWAPI.dll
0x00007fff1db30000 - 0x00007fff1dbe2000 	C:\Windows\SYSTEM32\SHCORE.dll
0x00007fff1f5a0000 - 0x00007fff1f5b5000 	C:\Windows\SYSTEM32\profapi.dll
0x00007fff12f00000 - 0x00007fff12f1a000 	D:\Program\Android Studio\jre\jre\bin\net.dll
0x00007fff1ee60000 - 0x00007fff1eeb9000 	C:\Windows\system32\mswsock.dll
0x00007fff0ee90000 - 0x00007fff0eea3000 	D:\Program\Android Studio\jre\jre\bin\nio.dll
0x00007fff05500000 - 0x00007fff05527000 	C:\Users\Artur Lynko\.gradle\native\f6784746aeab05261644944871eae4fe03e0ef1612fff0a4a95f87b438bc6780\windows-amd64\native-platform.dll
0x00007fff12ef0000 - 0x00007fff12efd000 	D:\Program\Android Studio\jre\jre\bin\management.dll
0x00007fff1eec0000 - 0x00007fff1eee0000 	C:\Windows\SYSTEM32\CRYPTSP.dll
0x00007fff1ea90000 - 0x00007fff1eac6000 	C:\Windows\system32\rsaenh.dll
0x00007fff1f110000 - 0x00007fff1f136000 	C:\Windows\SYSTEM32\bcrypt.dll
0x00007fff1eba0000 - 0x00007fff1ebc1000 	C:\Windows\SYSTEM32\USERENV.dll
0x00007fff1f430000 - 0x00007fff1f493000 	C:\Windows\system32\bcryptprimitives.dll
0x00007fff1f4a0000 - 0x00007fff1f4ab000 	C:\Windows\SYSTEM32\CRYPTBASE.dll
0x00007fff19450000 - 0x00007fff1947a000 	C:\Windows\SYSTEM32\IPHLPAPI.DLL
0x00007fff19e00000 - 0x00007fff19e0a000 	C:\Windows\SYSTEM32\WINNSI.DLL
0x00007fff14b70000 - 0x00007fff14b86000 	C:\Windows\SYSTEM32\dhcpcsvc6.DLL
0x00007fff15430000 - 0x00007fff1544a000 	C:\Windows\SYSTEM32\dhcpcsvc.DLL
0x00007fff0e910000 - 0x00007fff0e92e000 	C:\Users\Artur Lynko\AppData\Local\Temp\native-platform2411076299396933386dir\native-platform.dll

VM Arguments:
jvm_args: -Xmx2048m -Dfile.encoding=UTF-8 -Duser.country=RU -Duser.language=ru -Duser.variant 
java_command: org.gradle.launcher.daemon.bootstrap.GradleDaemon 6.5
java_class_path (initial): C:\Users\Artur Lynko\.gradle\wrapper\dists\gradle-6.5-all\2oz4ud9k3tuxjg84bbf55q0tn\gradle-6.5\lib\gradle-launcher-6.5.jar
Launcher Type: SUN_STANDARD

Environment Variables:
PATH=C:\Windows\system32;C:\Windows;C:\Windows\System32\Wbem;C:\Windows\System32\WindowsPowerShell\v1.0\;C:\Program Files (x86)\NVIDIA Corporation\PhysX\Common;C:\Program Files\NVIDIA Corporation\NVIDIA NvDLISR;C:\Program Files\Git\cmd;D:\Program\Microsoft VS Code\bin;C:\Program Files\JetBrains\IntelliJ IDEA Community Edition 2020.3.2\bin;;C:\Users\Artur Lynko\AppData\Local\GitHubDesktop\bin
USERNAME=Artur Lynko
OS=Windows_NT
PROCESSOR_IDENTIFIER=AMD64 Family 21 Model 1 Stepping 2, AuthenticAMD



---------------  S Y S T E M  ---------------

OS: Windows 8.1 , 64 bit Build 9600 (6.3.9600.19719)

CPU:total 6 (initial active 6) (6 cores per cpu, 1 threads per core) family 21 model 1 stepping 2, cmov, cx8, fxsr, mmx, sse, sse2, sse3, ssse3, sse4.1, sse4.2, popcnt, avx, aes, clmul, mmxext, 3dnowpref, lzcnt, sse4a, tsc, tscinvbit, tscinv

Memory: 4k page, physical 6272244k(852180k free), swap 8369396k(5096k free)

vm_info: OpenJDK 64-Bit Server VM (25.242-b01) for windows-amd64 JRE (1.8.0_242-release-1644-b01), built by "builder" with MS VC++ 10.0 (VS2010)

time: Thu May 13 16:44:10 2021
timezone: Беларусь (зима)
elapsed time: 265 seconds (0d 0h 4m 25s)

